lms-sendinvoices.php
(C) 2001-2012 LMS Developers
Using file /etc/lms/lms.ini as config.
Invoice No. 4/08/2012 for WITKOWSKA Marzena <malutka1401@wp.pl>
Invoice No. 5/08/2012 for RITAU Krystian <dota25@vp.pl>
Invoice No. 8/08/2012 for PIETREK Mariusz <maniek.80@vp.pl>
Invoice No. 10/08/2012 for WESOŁOWSKI Marek <przemekknurow@gazeta.pl>
Invoice No. 18/08/2012 for KOZACZKIEWICZ Witold <wittus1@wp.pl>
Invoice No. 22/08/2012 for WNUK Sylwester <sylwek1969@interia.pl>
Invoice No. 26/08/2012 for BRZEZIŃSKI Adam <tygrysek198210@wp.pl>
Invoice No. 28/08/2012 for BĄK Tomasz <tomaszbak25@onet.eu>
Invoice No. 31/08/2012 for SZYMAŃSKA Anna <aniadom73@o2.pl>
Invoice No. 32/08/2012 for SROKA Artur <sa1artur@op.pl>
Invoice No. 34/08/2012 for KIEPUL Marcin <dzusto@op.pl>
Invoice No. 35/08/2012 for DYLEWSKI Wojciech <wojtek407@wp.pl>
Invoice No. 36/08/2012 for SZYMANOWICZ Marcin <marcinszymanowicz@wp.pl>
Invoice No. 37/08/2012 for SZYMANOWICZ Sylwester <060953@wp.pl>
Invoice No. 39/08/2012 for NOWAK Włodzimierz <darialove@windowslive.com>
Invoice No. 40/08/2012 for KRUK Krzysztof <szrek1986@op.pl>
Invoice No. 42/08/2012 for NASKRĘT Agnieszka <manolo301@wp.pl>
Invoice No. 44/08/2012 for KOTYRBA Zbigniew <walsez@gmail.com>
Invoice No. 45/08/2012 for DUDEK Mariusz <mariusz.dudek@onet.eu>
Invoice No. 49/08/2012 for JACHYMSKI Witold <inspiration0@wp.pl>
Invoice No. 50/08/2012 for ZIELIŃSKI Andrzej, Zofia <artek52@vp.pl>
Invoice No. 52/08/2012 for MAKOWSKI Krzysztof <kiniu77@vp.pl>
Invoice No. 58/08/2012 for MOŃKA Małgorzata <natalia.monka@wp.pl>
Invoice No. 62/08/2012 for STEINKE Krystyna <kamilwitkow@interia.pl>
Invoice No. 68/08/2012 for ZAGÓRSKI Tomasz <ogurczak@wp.pl>
Invoice No. 71/08/2012 for STEPOWANY Jerzy <klubix36@gmail.com>
Invoice No. 73/08/2012 for KUPKA Adam <1adamek@wp.pl>
Invoice No. 78/08/2012 for LAKS Krystyna, Werner <lukas2401@wp.pl>
Invoice No. 84/08/2012 for KULA Ewa <adam.kula@wp.pl>
Invoice No. 85/08/2012 for DĄBROWSKA Iwona <sylwia311295@wp.pl>
Invoice No. 86/08/2012 for OCYTKO Dawid <neath@o2.pl>
Invoice No. 89/08/2012 for DRUBEK Krystyna <k.drubek@kwsa.pl>
Invoice No. 92/08/2012 for PORĘBA Łukasz <lukk30@interia.pl>
Invoice No. 93/08/2012 for WALCZAK Rafał <finek75@interia.pl>
Invoice No. 103/08/2012 for CIEPLIŃSKA Ewa <dawid_cieplinski@op.pl>
Invoice No. 107/08/2012 for FERENSZTAIN Joanna <asiakufel78@interia.pl>
Invoice No. 108/08/2012 for CZYKIETA Jacek <jacekcz2@wp.pl>
Invoice No. 110/08/2012 for BRAŃCZYK Jan <kuba1407@vp.pl>
Invoice No. 114/08/2012 for MENCEL Krzysztof <krzmen@gmail.com>
Invoice No. 115/08/2012 for KOWALSKI Andrzej <kowand@gmail.com>
Invoice No. 117/08/2012 for WOJTULEK Łukasz <lukaszwojtulek@o2.pl>
Invoice No. 118/08/2012 for ŻURAWSKI Grzegorz <bobogregor@gmail.com>
Invoice No. 120/08/2012 for OSTROWIECKA Agnieszka <kamosblue@gmail.com>
Invoice No. 122/08/2012 for WOJTALA Gertruda <jacek.wojtala@gmail.com>
Invoice No. 123/08/2012 for P.U.H. Tomasz Deska <aajrdeska@gmail.com>
Invoice No. 124/08/2012 for NOWAK Krzysztof <nowy-82@o2.pl>
Invoice No. 125/08/2012 for WIERZBA Zbigniew <dwierzba_x4@o2.pl>
Invoice No. 126/08/2012 for KUCHARZ Krzysztof <kuchciki@op.pl>
Invoice No. 129/08/2012 for BLICHARSKA Iwona <jessicasylwek.vp.pl@vp.pl>
Invoice No. 131/08/2012 for WALNIK Zygmunt <zygmunt.k@hotmail.com>
Invoice No. 132/08/2012 for MANDELSKI Andrzej <mandel2303@onet.eu>
Invoice No. 137/08/2012 for MARGOL Barbara <bas61@poczta.fm>
Invoice No. 138/08/2012 for KACZMARZYK Bartosz <bartekkaczmarzyk@op.pl>
Invoice No. 145/08/2012 for KRANC Roman <szopen257@interia.eu>
Invoice No. 151/08/2012 for KOPEĆ Mariusz <mariuszkopec@op.pl>
Invoice No. 153/08/2012 for WASILEWSKI Paweł <pako1982@o2.pl>
Invoice No. 157/08/2012 for KOZAK Zbigniew <kogut90@gmail.com>
Invoice No. 158/08/2012 for WRÓBEL Ireneusz <aslahad@gmail.com>
Invoice No. 162/08/2012 for SZAŁKOWSKI Mirosław <goor@vp.pl>
Invoice No. 167/08/2012 for KOŁODZIEJ Roman <gun00@poczta.onet.pl>
Invoice No. 171/08/2012 for BYŚ Dominik <dominik882@op.pl>
Invoice No. 174/08/2012 for MEINERT Henryk <fixer45@interia.pl>
Invoice No. 184/08/2012 for TARNOWSKA Grażyna <sebtar12@o2.pl>
Invoice No. 188/08/2012 for PORWOŁ Piotr <aporwol@poczta.fm>
Invoice No. 189/08/2012 for NEUMANN Bożena <bozena.neumann@gmail.com>
Invoice No. 192/08/2012 for ZESPÓŁ OPIEKI ZDROWOTNEJ W KNUROWIE  <sekretariat@zozknurow.pl>
Invoice No. 197/08/2012 for KRUSZCZYŃSKA Maria <przemyslawkruszczynski@gmail.com>
Invoice No. 200/08/2012 for ŚWIST Franciszek <fswist@poczta.onet.pl>
Invoice No. 201/08/2012 for KUBAJ Jan, Maria <seanknw@gmail.com>
Invoice No. 203/08/2012 for PASIEKA Lucjan <lucjusz_7@op.pl>
Invoice No. 206/08/2012 for MYSŁEK Krzysztof <krzysiekczarny5@tlen.pl>
Invoice No. 209/08/2012 for GÓRNY Sylwester <zuchwa90@o2.pl>
Invoice No. 217/08/2012 for MIEJSKI OŚRODEK SPORTU I REKREACJI W KNUROWIE  <sekretariat@mosir.knurow.com.pl>
Invoice No. 218/08/2012 for ŚLIWA Antoni <mtsl@o2.pl>
Invoice No. 230/08/2012 for PIENTNIK Sławomir <slawek_pientnik@interia.pl>
Invoice No. 233/08/2012 for CIEKANOWSKI Andrzej <a.ciekanowski@alfa-system.pl>
Invoice No. 234/08/2012 for KORZENIEWSKI Włodzimierz <carlos281@o2.pl>
Invoice No. 242/08/2012 for SZARANIEC Krzysztof <szary131@gazeta.pl>
Invoice No. 243/08/2012 for PIĄTEK Maciej <maciej.piatek@gliwice.sr.gov.pl>
Invoice No. 244/08/2012 for SZOT Janusz <janusz_szot@op.pl>
Invoice No. 249/08/2012 for SZCZERBETKA Ewa <sze77@wp.pl>
Invoice No. 257/08/2012 for ZYDROŃ Adam <irek.zydron@gmail.com>
Invoice No. 259/08/2012 for KOZACZKIEWICZ Kazimierz <k.kozaczkiewicz@wp.pl>
Invoice No. 263/08/2012 for NOWAK Marek <no.ma@poczta.fm>
Invoice No. 266/08/2012 for PACH Leszek <taj43@poczta.fm>
Invoice No. 279/08/2012 for NIEMCZYK Roland <dawidmichal@op.pl>
Invoice No. 286/08/2012 for DUDZIEC Krzysztof I Grażyna <mateuszek5353@o2.pl>
Invoice No. 293/08/2012 for ZAKRZEWSKI Tadeusz <panzata@interia.pl>
Invoice No. 303/08/2012 for SIENICKI Jacek <natka2508@poczta.fm>
Invoice No. 307/08/2012 for KRAMEK Grzegorz <g.kramek@interia.pl>
Invoice No. 309/08/2012 for WALCZAK Marta <mystiquee@o2.pl>
Invoice No. 310/08/2012 for MUSIAŁ Robert <orient@hoga.pl>
Invoice No. 311/08/2012 for ŻÓRAW Radosław <radekzoraw@op.pl>
Invoice No. 312/08/2012 for ŻÓRAW Józef <jozefzoraw@gmal.com>
Invoice No. 315/08/2012 for ROSTEK Mariusz <mariusz_rostek@wp.pl>
Invoice No. 327/08/2012 for STANEK Adam <adiknurow@vp.pl>
Invoice No. 328/08/2012 for PIETRZAK Mirosław <pietrzak.martyna@wp.pl>
Invoice No. 337/08/2012 for ŁYCZAK Jan, Janina <jlyczak@poczta.onet.pl>
Invoice No. 338/08/2012 for FLORCZAK Zbigniew i Ewa <djvanbert@interia.pl>
Invoice No. 341/08/2012 for KUZIO Walerian <kamilkuzio1@op.pl>
Invoice No. 342/08/2012 for KOZIEŃ Jarosław <jkozien@wp.pl>
Invoice No. 343/08/2012 for PAWLICZEK Elżbieta <pawliczek.ela@o2.pl>
Invoice No. 348/08/2012 for PRZEPIÓRA Justyna i Stanisław <maria.stanislaw.p@gmail.com>
Invoice No. 371/08/2012 for BOBAK Paweł <pablobob@interia.pl>
Invoice No. 372/08/2012 for GACEK Edward, Elżbieta <hns_knw@o2.pl>
Invoice No. 373/08/2012 for PARA Piotr <miki331@onet.eu>
Invoice No. 378/08/2012 for DUCHNOWSKA Małgorzata <gosiaduszek@tlen.pl>
Invoice No. 380/08/2012 for WIDMAN Jarosław <izawidman@gmail.com>
Invoice No. 386/08/2012 for BERNASIUK Mirosław <m.bernasiuk@alfa-system.pl>
Invoice No. 393/08/2012 for SZYMOSZEK Andrzej <andrzejsz61@o2.pl>
Invoice No. 398/08/2012 for SPRUS Grzegorz <g.sprus@interia.pl>
Invoice No. 403/08/2012 for SMOLKA Krystyna <krysia45@onet.eu>
Invoice No. 408/08/2012 for BARTOSZEK Irena <irena_bartoszek@op.pl>
Invoice No. 425/08/2012 for ROJOWIEC Stefania <michal.rojowiec@gmail.com>
Invoice No. 426/08/2012 for TARNOWSKI Bogusław <bogdan163@onet.pl>
Invoice No. 428/08/2012 for JANUSZ Józef <agajanusz@gmail.com>
Invoice No. 429/08/2012 for SIMON Damian <damian23_allegro@o2.pl>
Invoice No. 431/08/2012 for WITRAK Stanisław <skit27@wp.pl>
Invoice No. 434/08/2012 for LEŚNIAK Marek <marcyk110@vp.pl>
Invoice No. 436/08/2012 for BUĆKO Ilona <ili1@onet.eu>
Invoice No. 437/08/2012 for POLLOK Mariusz <poldek731@poczta.onet.pl>
Invoice No. 438/08/2012 for MAŁECKI Krzysztof <krzysztof.malecki134@wp.pl>
Invoice No. 439/08/2012 for STĘPIEŃ Bogusław <ksolimp@tlen.pl>
Invoice No. 445/08/2012 for STANKIEWICZ Marzena <marzstan@poczta.fm>
Invoice No. 452/08/2012 for POLAK Marian <michal_vp@o2.pl>
Invoice No. 462/08/2012 for MRÓZ Marcin <mrozmar@poczta.onet.pl>
Invoice No. 467/08/2012 for GOŁĄB Krzysztof <crisgo@op.pl>
Invoice No. 469/08/2012 for DORABIAŁA Małgorzata <md.13@wp.pl>
Invoice No. 470/08/2012 for STRADOMSKI Artur i Dorota <chako@interia.pl>
Invoice No. 471/08/2012 for ŚLIWIŃSKI Henryk <h.sliwinski@alfa-system.pl>
Invoice No. 474/08/2012 for PILARSKI Waldemar <waldi324@o2.pl>
Invoice No. 478/08/2012 for AMNICKI Krzysztof <krzysztof.amnicki@vp.pl>
Invoice No. 480/08/2012 for ZARĘBA Jerzy <dziki88@me.com>
Invoice No. 482/08/2012 for DZIADEK Andrzej <andrzejdziadek@wp.pl>
Invoice No. 485/08/2012 for GŁOWACKA Bożena <abram666@gmail.com>
Invoice No. 500/08/2012 for BOCHNIARZ Dawid <dave78@interia.pl>
Invoice No. 503/08/2012 for KABICZKE Ewa <ewcia4321@interia.eu>
Invoice No. 505/08/2012 for ŻYRKOWSKI Łukasz <zyrek1985@o2.pl>
Invoice No. 506/08/2012 for NIEDŹWIEDŹ Andrzej <aagnieszka760@gmail.com>
Invoice No. 510/08/2012 for WOŁCZYŃSKI Mirosław <miro2712419@wp.pl>
Invoice No. 519/08/2012 for FARYŃSKI Zbigniew <krycha63@vp.pl>
Invoice No. 520/08/2012 for SKOWRON Piotr <kasia_skowron@op.pl>
Invoice No. 537/08/2012 for DYL Krzysztof <kdd@go2.pl>
Invoice No. 538/08/2012 for FĄFARA Bogusław <boguslaw.gabriela@op.pl>
Invoice No. 539/08/2012 for NIEDZIELA Rafał <rafalski36@wp.pl>
Invoice No. 542/08/2012 for USŁUGI TRANSPORTOWE KAŹMIERCZAK STEFAN  <kasiek223@o2.pl>
Invoice No. 544/08/2012 for SIKORA Kazimierz <kazimierzsikora@wp.pl>
Invoice No. 550/08/2012 for JANKOWSKI Bartosz <sacrifice666@op.pl>
Invoice No. 562/08/2012 for BETLER Tomasz <betlers@interia.pl>
Invoice No. 564/08/2012 for MIELNICKA Małgorzata i Jarosław <granulka94@interia.pl>
Invoice No. 565/08/2012 for SŁAWEK Ireneusz <jacup1@wp.pl>
Invoice No. 576/08/2012 for KALICH Łukasz <sypher210@gmail.com>
Invoice No. 580/08/2012 for POMOCNIK Piotr <rafal.pomocnik@gmail.com>
Invoice No. 584/08/2012 for JANKOWSKI Paweł <pawelj_1970@wp.pl>
Invoice No. 588/08/2012 for KUTKOWSKA Grażyna <grazynakutkowska@gmail.com>
Invoice No. 592/08/2012 for CHOMIUK Sebastian <avon81@wp.pl>
Invoice No. 593/08/2012 for RYFIAK Franciszek <monika_ry@o2.pl>
Invoice No. 595/08/2012 for ŚWIĄTEK Stanisław <66mama99@wp.pl>
Invoice No. 605/08/2012 for KOŁODZIEJ Krzesimir <marto_ha@op.pl>
Invoice No. 611/08/2012 for TRYGAR Regina <barbara.trygar@gmail.com>
Invoice No. 620/08/2012 for CHŁOPAŚ Cyprian <rafal.chlopas@gmail.com>
Invoice No. 623/08/2012 for WALCZYK Czesław <marcinwalczyk@op.pl>
Invoice No. 624/08/2012 for MUSIAŁEK Janina <mm_musialek@wp.pl>
Invoice No. 625/08/2012 for ŁOWICKA Aurelia <a-lowicka@o2.pl>
Invoice No. 628/08/2012 for KUCHNIO Andrzej <kamil8720@poczta.fm>
Invoice No. 629/08/2012 for WIEJAK Jadwiga i Patrycja <patrycja.wiejak@o2.pl>
Invoice No. 631/08/2012 for PLUTA Janusz <janplu@interia.pl>
Invoice No. 632/08/2012 for PISARSKA Agnieszka <tom7680@wp.pl>
Invoice No. 634/08/2012 for GRABAN Dariusz <dgrabka@wp.pl>
Invoice No. 640/08/2012 for ROKITOWSKI Henryk <henryk1959@wp.pl>
Invoice No. 641/08/2012 for DZITKOWSKI Tomasz <t.dzitkowski@pfi24.pl>
Invoice No. 648/08/2012 for CZARNECKI Ireneusz <ireneusz-czarnecki@wp.pl>
Invoice No. 650/08/2012 for SŁOWIŃSKA Bogumiła <ukas@op.pl>
Invoice No. 651/08/2012 for GODLEWSKI Mirosław <piotrgodlewski@wp.pl>
Invoice No. 653/08/2012 for GRUDZIECKI Adam <adam.grudziecki@gmail.com>
Invoice No. 654/08/2012 for FORDON Grzegorz <katalonczyk42@wp.pl>
Invoice No. 659/08/2012 for ZAPART Tadeusz <tadeo1414@wp.pl>
Invoice No. 662/08/2012 for ZAREMBA Beata <maverfoto@gmail.com>
Invoice No. 670/08/2012 for KRAWCZYŃSKI Mirosław <mirek.krawczynski@gmail.com>
Invoice No. 676/08/2012 for CZAPLA Damian <damianus870@o2.pl>
Invoice No. 682/08/2012 for HEBDA Jakub <coooba84@gmail.com>
Invoice No. 687/08/2012 for BLUKACZ Dorota <p.blukacz@alfa-system.pl>
Invoice No. 689/08/2012 for MICHALAK Sławomir <slawmic@wp.pl>
Invoice No. 692/08/2012 for ŚWITEK Paweł <lusi73_73@o2.pl>
Invoice No. 695/08/2012 for WOJCIECHOWSKA Barbara <basia3012@wp.pl>
Invoice No. 698/08/2012 for SZOT Barbara <mrkszot@gmail.com>
Invoice No. 704/08/2012 for MIERNOW Dariusz <niahnio@o2.pl>
Invoice No. 705/08/2012 for GOWOREK Krzysztof <goworek.krzysztof@gmail.com>
Invoice No. 706/08/2012 for WIETRZYKOWSKI Daniel <daniel2313@op.pl>
Invoice No. 707/08/2012 for ALCZYŃSKA Maria i Marzena <marzenaalczynska@gmail.com>
Invoice No. 708/08/2012 for KASZA Dariusz <izaxp@o2.pl>
Invoice No. 709/08/2012 for PILAREK Beata <beatapilarek@gmail.com>
Invoice No. 719/08/2012 for KUCHARSKI Bogusław <bogguslaw17@op.pl>
Invoice No. 724/08/2012 for DYMKOWSKA Marek i Joanna <marekdym@op.pl>
Invoice No. 726/08/2012 for BIELIŃSKI Piotr <bielinski@buziaczek.pl>
Invoice No. 729/08/2012 for ROB-BUD USŁUGI REMONTOWO-BUDOWLANE  ROBERT KRAWIEC  <krawiecrobert@interia.pl>
Invoice No. 733/08/2012 for MATUSZEK Krzysztof <reisen1@vp.pl>
Invoice No. 736/08/2012 for LAUBACH Radosław <radeklaubach@op.pl>
Invoice No. 737/08/2012 for JANIEC Renata i Daniel <jandan62@poczta.onet.pl>
Invoice No. 738/08/2012 for SULIKOWSKA Krystyna <dutagamo@gmail.com>
Invoice No. 746/08/2012 for JAWORSKA Renata <renjaw71@wp.pl>
Invoice No. 751/08/2012 for KATA Zbigniew <xmartynaxd@interia.pl>
Invoice No. 756/08/2012 for BIELECKA Karina <karina_74@o2.pl>
Invoice No. 761/08/2012 for SZULC Zbigniew <zibiszu21@wp.pl>
Invoice No. 770/08/2012 for STASZEWSKI Damian <damian.staszewski@o2.pl>
Invoice No. 781/08/2012 for MAŁECKI Mirosław <ika_199@wp.pl>
Invoice No. 786/08/2012 for NAWROT Sandra <omix@wp.pl>
Invoice No. 791/08/2012 for MATUSIAK Andrzej <cooled@2com.pl>
Invoice No. 792/08/2012 for KORDUSIAK Rafał <r.kordusiak@alfa-system.pl>
Invoice No. 794/08/2012 for LAKSANDER Marcin <mlaxa83@gmail.com>
Invoice No. 795/08/2012 for FACHURA ŻANETA WESOŁOWSKA  <biuro@fachurasm.pl>
Invoice No. 802/08/2012 for STOLARSKI Damian <sebastian_stolarski@op.pl>
Invoice No. 803/08/2012 for ZDUŃCZUK Agnieszka, Sebastian <kowalska2005@go2.pl>
Invoice No. 807/08/2012 for MAZUREK Maciej, Wiesława <kixu1986@wp.pl>
Invoice No. 808/08/2012 for ŁYKO Mariola, Eugeniusz <mariolalyko@o2.pl>
Invoice No. 809/08/2012 for ŚWIERCZYŃSKA Justyna <psiduch@gmail.com>
Invoice No. 813/08/2012 for BORUCKA Halina <m13k0s@gmail.com>
Invoice No. 816/08/2012 for KRUSZCZYŃSKI Dawid <dani_666@wp.pl>
Invoice No. 819/08/2012 for GAJEWSKI Andrzej <andrew_g@onet.eu>
Invoice No. 822/08/2012 for STĘPIEŃ Edyta <pimpusiek0911@gmail.com>
Invoice No. 824/08/2012 for KRENC Sławomir <lewy309@gmail.com>
Invoice No. 827/08/2012 for MOCZULSKA Beata <sopinska@op.pl>
Invoice No. 828/08/2012 for HURTOWNIA ODZIEŻY YOURNEWSTYLE.PL SP. Z O.O.  <hurtownia@yournewstyle.pl>
Invoice No. 833/08/2012 for MYDLAK Szymon <s.mydlak@alfa-system.pl>
Invoice No. 834/08/2012 for ZACIERKA Krystyna <zacierka@op.pl>
Invoice No. 840/08/2012 for HAMPEL Marcin <mh86@onet.eu>
Invoice No. 844/08/2012 for WÓJCIK Adrian <adi123adi@o2.pl>
Invoice No. 845/08/2012 for KIEŁB Monika <monia2460@op.pl>
Invoice No. 846/08/2012 for ZDANOWICZ Krystyna I Eugeniusz <m.zdanowicz@alfa-system.pl>
Invoice No. 849/08/2012 for KANCELARIA ADWOKACKA ADWOKAT ARKADIUSZ RAPACZ  <arapacz.kancelaria@gmail.com>
Invoice No. 850/08/2012 for MIROCHA Przemysław <makaveli77@o2.pl>
Invoice No. 852/08/2012 for FEDEC Ewa <fedec98@gmail.com>
Invoice No. 858/08/2012 for JASKUŁA Justyna <justyna2801@op.pl>
Invoice No. 861/08/2012 for PAŁKA Dariusz <kdp@poczta.onet.pl>
Invoice No. 867/08/2012 for WANDRASZ Jacek <jac_wan@wp.pl>
Invoice No. 869/08/2012 for RÓG Małgorzata <KamilRog@gmail.com>
Invoice No. 870/08/2012 for GĄSIOROWSKI Grzegorz <gabriela3@poczta.onet.pl>
Invoice No. 880/08/2012 for RYBA Krzysztof <kris-r@o2.pl>
Invoice No. 883/08/2012 for OLIWNIAK Damian <d.oliwniak@gmail.com>
Invoice No. 885/08/2012 for NOWAK Anna <zowek7@gmail.com>
Invoice No. 890/08/2012 for NANTKA Alina <alinanantka@wp.pl>
Invoice No. 895/08/2012 for FOJT Krzysztof <magda397@o2.pl>
Invoice No. 896/08/2012 for ZIENKOWICZ Marcin <posejdonn@gmail.com>
Invoice No. 897/08/2012 for NAPIERAŁA Krzysztof <k-napierala@o2.pl>
Invoice No. 898/08/2012 for SZOLC Alojzy <marek2105@op.pl>
Invoice No. 901/08/2012 for DÜLLICK Joanna <aisha-aska@wp.pl>
Invoice No. 904/08/2012 for CHMIELOWSKA Marianna <m_chmielowska@onet.pl>
Invoice No. 905/08/2012 for FRANKE Gabriela <gabi87_22@o2.pl>
Invoice No. 910/08/2012 for KOWALSKI Wojciech <wojtas.jotek@interia.pl>
Invoice No. 911/08/2012 for CZOPEK Paweł i Izabela <mc1992@gmail.com>
Invoice No. 912/08/2012 for HALECZKO Rafał <gobi1981@alfa-system.pl>
Invoice No. 914/08/2012 for SOBCZAK Katarzyna <katis1402@wp.pl>
Invoice No. 916/08/2012 for KOC Arkadiusz <anetakoc@wp.pl>
Invoice No. 917/08/2012 for RYPIEŃ Andrzej <andrzejrypien@wp.pl>
Invoice No. 922/08/2012 for POTOCKA Karolina <potoccy.km@wp.pl>
Invoice No. 925/08/2012 for SZUBTARSKA Dorota <dszubtarska@o2.pl>
Invoice No. 926/08/2012 for KRĘPLEWSKI Radosław <karola444@buziaczek.pl>
Invoice No. 927/08/2012 for MAZUR Andrzej <mazur0@vp.pl>
Invoice No. 928/08/2012 for ADAMSKI Ryszard <frycek@poczta.fm>
Invoice No. 931/08/2012 for WIELICZKO Małgorzata <wieli88@wp.pl>
Invoice No. 933/08/2012 for TROCHA Tomasz <ttrocha@wp.pl>
Invoice No. 935/08/2012 for SĘK Radosław <radziej2@op.pl>
Invoice No. 939/08/2012 for PACHLA Justyna <justyna.p.12@wp.pl>
Invoice No. 940/08/2012 for BYŚ Michał <gaaazzz@wp.pl>
Invoice No. 942/08/2012 for DAJCZAK Adrian <keen_zone@o2.pl>
Invoice No. 945/08/2012 for KOŁODZIEJAK Adam <hugojk@wp.pl>
Invoice No. 946/08/2012 for KNEIFEL Tadeusz <tadeusz.kneifel@gmail.com>
Invoice No. 947/08/2012 for SIADKOWSKI Adrian <simsdeks@wp.pl>
Invoice No. 949/08/2012 for BIENIEK Andrzej <abieniek86@gmail.com>
Invoice No. 950/08/2012 for KISZKA Piotr <kisieq@o2.pl>
Invoice No. 956/08/2012 for GRZYB Wiesława <luk_grzyb@wp.pl>
Invoice No. 959/08/2012 for RYBA Anna <ryba.anna@gmail.com>
Invoice No. 962/08/2012 for KACUGA Jacek <kacug@wp.pl>
Invoice No. 964/08/2012 for PIECH Daniel <daniel.piech86@gmail.com>
Invoice No. 966/08/2012 for URBANIAK Jan <urhan@poczta.fm>
Invoice No. 967/08/2012 for BARAN Piotr <baran.michal@gmail.com>
Invoice No. 971/08/2012 for SZMITKA Kamil <silva-knw@o2.pl>
Invoice No. 973/08/2012 for WIĘCŁAW Dawid <miruchna@op.pl>
Invoice No. 975/08/2012 for LEWIN ROBERT LEKKI, ROBERT WINCKIEWICZ S.C.  <rlekki@wp.pl>
Invoice No. 977/08/2012 for KOPCZYK Marianna <rbkop@interia.pl>
Invoice No. 979/08/2012 for WINKELEWSKI Michał <wwwinki@gmail.com>
Invoice No. 980/08/2012 for SKOCZYLAS Szymon <ala@apogeum.art.pl>
Invoice No. 982/08/2012 for DYMIDZIUK Beata <dymidziuk@wp.pl>
Invoice No. 984/08/2012 for PHU BIS-KOMPLEX BISMOR Grzegorz <bis_komplex@onet.eu>
Invoice No. 985/08/2012 for BPINB EXACT PROJECT MGR INŻ.  MIROSŁAW MUSIAŁEK  <m_musialek@wp.pl>
Invoice No. 992/08/2012 for KUBAT Marcin <marcinkubat@o2.pl>
Invoice No. 997/08/2012 for WIĘZIK Paweł <rubenso85@o2.pl>
Invoice No. 998/08/2012 for OŻÓG Aleksander <adenar@tlen.pl>
Invoice No. 999/08/2012 for SUJECKI Sławomir <sujecki@gmail.com>
Invoice No. 1000/08/2012 for DZIAŁOWY Eugeniusz <mdzialowy@gmail.com>
Invoice No. 1001/08/2012 for FALFUS Piotr <p.falfus@alfa-system.pl>
Invoice No. 1002/08/2012 for FURGAŁ Marcin <marcin@to-sport.pl>
Invoice No. 1003/08/2012 for LIPA Wioletta, Marian <lipato@op.pl>
Invoice No. 1006/08/2012 for PIERZAK Marek <wojager_59@tlen.pl>
Invoice No. 1007/08/2012 for MACIAK Piotr <mapio2@poczta.onet.pl>
Invoice No. 1009/08/2012 for WIECZOREK Marek <marek0@tlen.pl>
Invoice No. 1011/08/2012 for ADAMUS Marcin <mboa@interia.pl>
Invoice No. 1012/08/2012 for P.H.U. VIRTUAL ZOFIA SZYMANEK  <szymanek0@onet.eu>
Invoice No. 1014/08/2012 for ŻYWOT Wojciech <francmen2@wp.pl>
Invoice No. 1015/08/2012 for JUSZCZYK Sławomir <sslv@o2.pl>
Invoice No. 1017/08/2012 for MARSZAŁEK Daniel <kayman80@tlen.pl>
Invoice No. 1018/08/2012 for FOIT Sławomir <slavooo1@o2.pl>
Invoice No. 1022/08/2012 for CIEŚLIK Marcin, Adelajda <marcin_cieslik@interia.pl>
Invoice No. 1024/08/2012 for PAWLAK Tomasz <tom.pawlak@gmail.com>
Invoice No. 1025/08/2012 for PYRCIOCH Łukasz <lukpyro@o2.pl>
Invoice No. 1026/08/2012 for KUDZIA Łukasz <lukas644@op.pl>
Invoice No. 1027/08/2012 for GAŁUSZKA Krzysztof <krzysztof@polteam.pl>
Invoice No. 1030/08/2012 for KWIECIEŃ Alina <dzi4d3k@gmail.com>
Invoice No. 1031/08/2012 for DYMEK Bernadeta <bernadeta1@wp.pl>
Invoice No. 1036/08/2012 for Chotoborski Krzysztof <lucyferr6@wp.pl>
Invoice No. 1045/08/2012 for RAŚ Jan <tomek_17@o2.pl>
Invoice No. 1047/08/2012 for TARGAŃSKI Tomasz <tomek44.32@o2.pl>
Invoice No. 1048/08/2012 for PAŁAC Irena <zamek22@wp.pl>
Invoice No. 1049/08/2012 for DZIETCZYK Marek <marek@bmj.net.pl>
Invoice No. 1050/08/2012 for PIECHOTA Dominik <omnis@o2.pl>
Invoice No. 1053/08/2012 for CUDOK Herbert <alherb2k@wp.pl>
Invoice No. 1060/08/2012 for ŁUKASZEWICZ Agnieszka <a.lukaszewicz@alfa-system.pl>
Invoice No. 1069/08/2012 for MIROCHA Przemysław <p_mirocha@alfa-system.pl>
Invoice No. 1072/08/2012 for KOZIEŁ Mariusz <marjakoz@tlen.pl>
Invoice No. 1074/08/2012 for STUDZIŃSKI Franciszek <fr.studzinski@gmail.com>
Invoice No. 1077/08/2012 for BARTOSZEK Tomasz <tedi.72@o2.pl>
Invoice No. 1083/08/2012 for GIŻA Agnieszka <agagiza21@wp.pl>
Invoice No. 1085/08/2012 for SOBCZAK Łukasz <lukaevreal@hotmail.com>
Invoice No. 1087/08/2012 for PADUCH Adrian <paduch@o2.pl>
Invoice No. 1088/08/2012 for SURA Dariusz <darcio23@wp.pl>
Invoice No. 1090/08/2012 for MORDAL Marcin <marcin.mordal@strong-pc.com>
Invoice No. 1091/08/2012 for KASPRZYK Marcin I Magdalena <kazikowie@interia.pl>
Invoice No. 1092/08/2012 for DMOCHOWSKI Zdzisław <zdzichu_dmochowski@op.pl>
Invoice No. 1094/08/2012 for SZYLAJ Andrzej <andszyl@op.pl>
Invoice No. 1097/08/2012 for ROKITOWSKI Roman <abr86@op.pl>
Invoice No. 1101/08/2012 for KOZŁOWSKA Marlena <sarak91@interia.pl>
Invoice No. 1107/08/2012 for ŚWIERKOSZ Agnieszka <agnieszkaswierkosz@o2.pl>
Invoice No. 1108/08/2012 for ZIÓŁEK Remigiusz <remzio@wp.pl>
Invoice No. 1111/08/2012 for SMUGAJ Żaneta <orlik_smugi@interia.pl>
Invoice No. 1114/08/2012 for WOJCIECHOWSKA Grażyna <graziia@o2.pl>
Invoice No. 1118/08/2012 for CZUPA Jarosław <j.czupa@alfa-system.pl>
Invoice No. 1119/08/2012 for CHOŁUJ Zbigniew I Elżbieta <zech2@o2.pl>
Invoice No. 1120/08/2012 for RADZIK Artur <curik1@wp.pl>
Invoice No. 1122/08/2012 for ROSIŃSKI Piotr <piootr26@wp.pl>
Invoice No. 1127/08/2012 for KRÓL Arkadiusz I Elwira <aras5@op.pl>
Invoice No. 1128/08/2012 for JURECZKA Zbigniew <basia360@interia.pl>
Invoice No. 1131/08/2012 for BICZ Piotr, Edyta <biczu75@o2.pl>
Invoice No. 1134/08/2012 for MORAWIEC Krzysztof <krz.morawiec@gmail.com>
Invoice No. 1136/08/2012 for NARCZYK Jolanta <jola100663@wp.pl>
Invoice No. 1140/08/2012 for DOROŻAŁA Zbigniew <zibi-84@o2.pl>
Invoice No. 1142/08/2012 for WAŁKUSKI - "CONSTRUCTOR" Michał <michalwalkuski@wp.pl>
Invoice No. 1143/08/2012 for LEWICKA Aneta <rafal.lewicki1986@gmail.com>
Invoice No. 1144/08/2012 for WĄDOŁKOWSKA Ewa <master121@poczta.onet.pl>
Invoice No. 1148/08/2012 for SZAŁKOWSKI Andrzej <nool@op.pl>
Invoice No. 1149/08/2012 for CHODAK Małgorzata <zbichoo@wp.pl>
Invoice No. 1151/08/2012 for LUBSZCZYK Danuta <danlub@wp.pl>
Invoice No. 1152/08/2012 for SAWICKI Tomasz <marytom@wp.pl>
Invoice No. 1156/08/2012 for BRR SP. Z O.O.  <m.kasprzycka@brr.gliwice.net.pl>
Invoice No. 1157/08/2012 for CHODAŁA Tomasz <pakus4@poczta.fm>
Invoice No. 1161/08/2012 for KOPEĆ Jan <janko.1957@o2.pl>
Invoice No. 1170/08/2012 for LANC Adam, Bożena <rudyorm@op.pl>
Invoice No. 1171/08/2012 for BARTYKA Jadwiga <agnieszka11081@wp.pl>
Invoice No. 1174/08/2012 for MRÓZ Marek <marek_mroz@op.pl>
Invoice No. 1175/08/2012 for KARLIŃSKI Wiesław <magma@alfa-system.pl>
Invoice No. 1178/08/2012 for SZUMICHORA Jerzy <mateksuper@o2.pl>
Invoice No. 1179/08/2012 for KOZAK Andrzej <lukaszkozak85@interia.pl>
Invoice No. 1183/08/2012 for TARGOS Bożena <J_T_1982@wp.pl>
Invoice No. 1185/08/2012 for JAWORSKI Ireneusz <irek@iv.pl>
Invoice No. 1189/08/2012 for MAŁACZEK Piotr <piotr.malaczek@o2.pl>
Invoice No. 1191/08/2012 for ŻMUDA Aldona <szmuda@poczta.onet.pl>
Invoice No. 1194/08/2012 for BELLA Joanna <bellajoanna@gmail.com>
Invoice No. 1195/08/2012 for GALIŃSKA Marzena <marzena2606@vp.pl>
Invoice No. 1196/08/2012 for RENKAW Magdalena <magdar_27@op.pl>
Invoice No. 1199/08/2012 for ZIELIŃSKA Wioletta <log66@wp.pl>
Invoice No. 1200/08/2012 for PIEKIELNIK Maria <piekielnik1988@o2.pl>
Invoice No. 1202/08/2012 for KARWACKI Łukasz <lukaskonekt@wp.pl>
Invoice No. 1203/08/2012 for NAMYSŁO Zygmunt <zygmunt6322@op.pl>
Invoice No. 1204/08/2012 for CZYŻ Maciej <maciejczyz@interia.pl>
Invoice No. 1207/08/2012 for KACZOR Arkadiusz <aras_kk@op.pl>
Invoice No. 1209/08/2012 for FORTUNA Sebastian <sebastian.fortuna@alfa-system.pl>
Invoice No. 1210/08/2012 for ZAWADZKI Gabriel <gabriel871@wp.pl>
Invoice No. 1212/08/2012 for PHU ART-MOT II Matysiak Tomasz <matysiak30@wp.pl>
Invoice No. 1216/08/2012 for MS-OKNA I AUTA MARCIN STĘPIEŃ  <ms-okna@wp.pl>
Invoice No. 1217/08/2012 for TYTENIEC Paweł <pawel.tyteniec@gmail.com>
Invoice No. 1220/08/2012 for CHYBIŃSKA Katarzyna <katarzyna.chybinska@gmail.com>
Invoice No. 1221/08/2012 for MILLER Monika <momiller@poczta.onet.pl>
Invoice No. 1222/08/2012 for SZYPUŁA Joanna <asia_szypula@wp.pl>
Invoice No. 1225/08/2012 for KRAWCZAK Adam <adam.krawczak@el12.pl>
Invoice No. 1226/08/2012 for ISKRA Sylwester <iskra22@op.pl>
Invoice No. 1227/08/2012 for SOBCZAK Grzegorz <sopelio@poczta.fm>
Invoice No. 1229/08/2012 for KRÓL Patryk <pazdzii@vp.pl>
Invoice No. 1231/08/2012 for JURKOWSKA Monika <monikajurkowska@o2.pl>
Invoice No. 1237/08/2012 for WIDERA Krystian <gwizdek33@poczta.onet.pl>
Invoice No. 1238/08/2012 for ŁYŹNIAK Krystyna <krystyna_lyzniak@o2.pl>
Invoice No. 1239/08/2012 for DUDKIEWICZ Sławomir <mosa2007@o2.pl>
Invoice No. 1241/08/2012 for ORZANNA Marek <orzanna@o2.pl>
Invoice No. 1248/08/2012 for BAKALARZ Dawid <dawid.knurow@wp.pl>
Invoice No. 1249/08/2012 for RACHEL Krzysztof <fuhkris1@interia.pl>
Invoice No. 1250/08/2012 for ŚWIENTEK Henryk <szasz06@gmail.com>
Invoice No. 1254/08/2012 for URBANOWSKA Małgorzata <luna931@wp.pl>
Invoice No. 1258/08/2012 for JASKOT Alicja <pilapover@o2.pl>
Invoice No. 1262/08/2012 for POTEMPA Henryk i Grazyna <henpot@orange.pl>
Invoice No. 1263/08/2012 for ZALEŚNY Piotr <piotrzalesny@gmail.com>
Invoice No. 1264/08/2012 for NEW FORM ADAM CZERKIES  <adam@newform.pl>
Invoice No. 1267/08/2012 for ROBOTY BUDOWLANE I MALARSKIE MIXT S.C. Zbigniew Ostrowski, Wojciech Dadej <biuro.mixtsc@gmail.com>
Invoice No. 1268/08/2012 for CZAPELKA Piotr <piotrc@os.pl>
Invoice No. 1269/08/2012 for SZYMICZEK Artur <aszymiczek@gmail.com>
Invoice No. 1271/08/2012 for BISMOR Andrzej i Anna <bisan@op.pl>
Invoice No. 1274/08/2012 for BOROWSKI Tomasz <bora@op.pl>
Invoice No. 1276/08/2012 for ZALECH Łukasz <lucas.zalech@gmail.com>
Invoice No. 1279/08/2012 for KOLWICZ Barbara <bkolwicz@op.pl>
Invoice No. 1280/08/2012 for WEGNER Ryszard <w_wegner@op.pl>
Invoice No. 1286/08/2012 for SIKORA Roman <romansik-ora@tlen.pl>
Invoice No. 1288/08/2012 for DWULATEK Piotr <picia_d@op.pl>
Invoice No. 1289/08/2012 for SAROSIŃSKI Grzegorz <grzesar@o2.pl>
Invoice No. 1301/08/2012 for GŁOBISZ Henryk <Mateog992@gmail.com>
Invoice No. 1305/08/2012 for PINIOŻYŃSKI Marcin <m.piniozynski@wp.pl>
Invoice No. 1306/08/2012 for FIRMA OGÓLNOBUDOWLANA "SZWEDO"  <mirek236@interia.pl>
Invoice No. 1307/08/2012 for PIETRACZYK Jacek <japietrzyk@interia.pl>
Invoice No. 1309/08/2012 for WECHOWSKA Grażyna <wetra@interia.pl>
Invoice No. 1310/08/2012 for SŁOWIŃSKI Joanna i Janusz <microsoftmedia@gmail.com>
Invoice No. 1319/08/2012 for ŚWIERKOSZ Violetta <piotrswierkosz@gmail.com>
Invoice No. 1322/08/2012 for KRAWCZYK Urszula <urszula301@o2.pl>
Invoice No. 1324/08/2012 for KUBICA Adam <adamwopr@wp.pl>
Invoice No. 1326/08/2012 for BARON Mariusz <baron.mariusz@gmail.com>
Invoice No. 1331/08/2012 for ZIMNICKI Marcin <m.zimnicki@wp.pl>
Invoice No. 1332/08/2012 for ZYGMUNT Marian <a_zygmunt@vp.pl>
Invoice No. 1333/08/2012 for WEPS Jerzy <bobusia@buziaczek.pl>
Invoice No. 1337/08/2012 for KORZENIEWSKI Waldemar <waldek_korzeniewski@hotmail.com>
Invoice No. 1338/08/2012 for NEUDEK Bożena <neudek.monika@gmail.com>
Invoice No. 1343/08/2012 for MAREK Artur <amarkusm@wp.pl>
Invoice No. 1346/08/2012 for KUPNIEWSKA Iwona <Iwona7Kupniewska@poczta.fm>
Invoice No. 1348/08/2012 for SKOWROŃSKI Gabriel <gabrielskowronski@yahoo.com>
Invoice No. 1349/08/2012 for MARKS Paweł <pawel.marks@polsl.pl>
Invoice No. 1350/08/2012 for ROKITA Konrad <konrad30@o2.pl>
Invoice No. 1352/08/2012 for KOMAN Bogusław <boguslaw_koman@poczta.onet.pl>
Invoice No. 1354/08/2012 for ADAMCZUK Mirosław <mirek-a5@o2.pl>
Invoice No. 1355/08/2012 for SZNAPKA Daria <sznapka@gmail.com>
Invoice No. 1357/08/2012 for GĘBSKI Władysław <kobi999@interia.pl>
Invoice No. 1359/08/2012 for SZPITAL W KNUROWIE SP. Z O.O.  <sekretariat@szpitalknurow.pl>
Invoice No. 1360/08/2012 for BONK Michał <michalbonk@gmail.com>
Invoice No. 1361/08/2012 for ŁUCYSZYN Jan <janlucysz@gmail.com>
Invoice No. 1366/08/2012 for BARSZCZ Marian <mariano.b1@wp.pl>
Invoice No. 1370/08/2012 for WIECIEK Paweł <pawelwieciek@wp.pl>
Invoice No. 1373/08/2012 for KOTYNIA Grzegorz <grzesiuko@o2.pl>
Invoice No. 1374/08/2012 for BYLAK Marzena <marzena@sfwp.gliwice.pl>
Invoice No. 1375/08/2012 for DAŃCZURA Dariusz <dardan1310@wp.pl>
Invoice No. 1377/08/2012 for RAKOWSKI Stanisław <raksta@interia.pl>
Invoice No. 1379/08/2012 for KOTYNIA Mirosława <mircia69@o2.pl>
Invoice No. 1382/08/2012 for WANICKI Tomasz <t.wanicki@wp.pl>
Invoice No. 1383/08/2012 for WUJCIK Antoni <kelot10@wp.pl>
Invoice No. 1385/08/2012 for ALEKSANDROWICZ Sławomir <alslawek@wp.pl>
Invoice No. 1389/08/2012 for MALINOWSKI Piotr <jolmal@o2.pl>
Invoice No. 1393/08/2012 for ANDRZEJEWSKI Tomasz <t.andrzejewski@alfa-system.pl>
Invoice No. 1394/08/2012 for POŹNIAK Tomasz <kemott@gmail.com>
Invoice No. 1398/08/2012 for GRABARSKI Janusz <mateusz.grabarski@gmail.com>
Invoice No. 1399/08/2012 for PUCEK Leon i Barbara <czyznaszmnie@wp.pl>
Invoice No. 1400/08/2012 for PLUTA Krzysztof i Ilona <k-pluta@wp.pl>
Invoice No. 1402/08/2012 for SURÓWKA Paweł <pawel.surowka@eurocolor.com.pl>
Invoice No. 1404/08/2012 for MATERNA Alicja <matii13@o2.pl>
Invoice No. 1406/08/2012 for DROŻDŻYŃSKA Anna Marta <anna.drozdzynska@op.pl>
Invoice No. 1407/08/2012 for AQUA-FLORA SKROBIRANDA Adam <aquaflora@interia.pl>
Invoice No. 1408/08/2012 for MANISTA Mariusz <kasilar@interia.pl>
Invoice No. 1410/08/2012 for CIEPIELA Waldemar <waldi.ciepiela@gmail.com>
Invoice No. 1412/08/2012 for ZAWADZKI Tomasz <tomasz.zawadzki@hotmail.com>
Invoice No. 1428/08/2012 for WRAŻEN Jacek <j.wrazen@alfa-system.pl>
Invoice No. 1431/08/2012 for SZLACHETKO Piotr <fabien20@wp.pl>
Invoice No. 1434/08/2012 for SOLAK Monika <miqsiaaa@wp.pl>
Invoice No. 1438/08/2012 for KRAWCZYK Patryk <kraviecmeister@gmail.com>
Invoice No. 1440/08/2012 for BIELSKI Kamil <jumper1979@interia.pl>
Invoice No. 1441/08/2012 for KAMIŃSKA Aneta <aneta.kaminska10@wp.pl>
Invoice No. 1442/08/2012 for SICIŃSKI Dawid <sitazdavid@gmail.com>
Invoice No. 1445/08/2012 for SALON FRYZJERSKI "MEDUZA" Wesołowska Ewelina <meduza124@o2.pl>
Invoice No. 1446/08/2012 for FRYDRYK Marek <mfrydryk@aiut.com.pl>
Invoice No. 1448/08/2012 for SZYMOSZEK Krzysztof, Brygida <krzysztof.szymoszek@gmail.com>
Invoice No. 1452/08/2012 for UNITOM SP. Z O.O.  <unitom.eu@wp.pl>
Invoice No. 1457/08/2012 for LUBSZCZYK Grażyna <g.lubszczyk@gmail.com>
Invoice No. 1458/08/2012 for DIRYCZ Adam <adam480@op.pl>
Invoice No. 1460/08/2012 for WDÓWKA Damian <b.wdowka@o2.pl>
Invoice No. 1461/08/2012 for KASPRZYK Marek <jimi_marek@interia.pl>
Invoice No. 1463/08/2012 for MIERZWA Michał <alfasystem@mumin.pl>
Invoice No. 1467/08/2012 for MĄKA Aldona <aldona.maka@gmail.com>
Invoice No. 1469/08/2012 for ORZOŁ Paweł <pawelorzol@wp.pl>
Invoice No. 1470/08/2012 for MAŚLANKA Dominik <d.maslanka@op.pl>
Invoice No. 1473/08/2012 for KATA Robert, Dorota <robertkata@vp.pl>
Invoice No. 1475/08/2012 for KOWALCZYK Łukasz <kowalczyk.lucas@gmail.com>
Invoice No. 1478/08/2012 for BULIŃSKA Anna <piotrbulinski@gazeta.pl>
Invoice No. 1479/08/2012 for NOCULA Ireneusz <i.nocula@alfa-system.pl>
Invoice No. 1480/08/2012 for MICHNIEWICZ Stanisław <b-michniewicz@wp.pl>
Invoice No. 1481/08/2012 for PAWLUKIEWICZ Aneta <pawlukiewicz.aneta@gmail.com>
Invoice No. 1491/08/2012 for KUBIEC Karol <kakaroleq@wp.pl>
Invoice No. 1492/08/2012 for WOJTAS Karina <ignacik@buziaczek.pl>
Invoice No. 1493/08/2012 for JARUCHIEWICZ Stanisław i Teresa <damkovip@o2.pl>
Invoice No. 1504/08/2012 for P.P.H.U. "MR MEBEL" MARIUSZ RZEPKA  <mr.mebel.mr@gmail.com>
Invoice No. 1509/08/2012 for STYCZEŃ Stanisław <staszek2605@interia.pl>
Invoice No. 1515/08/2012 for PIEŁKA Marian <ksiegowosc.eurosystem@interia.pl>
Invoice No. 1517/08/2012 for STEIMANN Witold <zalcia@poczta.fm>
Invoice No. 1518/08/2012 for REMIORZ-ORZEŁ Sonia <andrzejorzel@onet.eu>
Invoice No. 1522/08/2012 for CABAŁA Jadwiga <metiu31@o2.pl>
Invoice No. 1524/08/2012 for SIRACKI Janusz <janusz.s@gliwice.net.pl>
Invoice No. 1525/08/2012 for PĘCHERZ Zbigniew, Bogumiła <zpencherz@life.pl>
Invoice No. 1528/08/2012 for ŻEBROWSKI Dariusz <zespol.marzenie@gmail.com>
Invoice No. 1529/08/2012 for JANIK Damian <damiano220@vp.pl>
Invoice No. 1533/08/2012 for BIERNAT Agnieszka <pankier@poczta.onet.pl>
Invoice No. 1535/08/2012 for KISZKA Adam <adam.k4@vp.pl>
Invoice No. 1537/08/2012 for WIECHA Dariusz <tusiunia71@wp.pl>
Invoice No. 1538/08/2012 for KONDRAT Bronisław <bkondrat@op.pl>
Invoice No. 1544/08/2012 for DUDZIŃSKI Paweł <a.dudzinska@wasko.pl>
Invoice No. 1546/08/2012 for MIŁOSZ Artur <magda_milosz@wp.pl>
Invoice No. 1549/08/2012 for MĘDELEWSKA Anna <ania0808@gmail.com>
Invoice No. 1550/08/2012 for ZDUŃCZUK Stefan <tercia-z@o2.pl>
Invoice No. 1552/08/2012 for STAWOWIAK Mirosław <boydo@interia.pl>
Invoice No. 1558/08/2012 for TOMKIEWICZ Wiesława i Piotr <wie.tom@interia.pl>
Invoice No. 1559/08/2012 for RYSIEWICZ Krzysztof <krzysztofrysiewicz@o2.pl>
Invoice No. 1561/08/2012 for JASTRZĘBSKA Dominika <nika.jastrzebska@gmail.com>
Invoice No. 1563/08/2012 for CHOMA Paweł <pawelszef1@op.pl>
Invoice No. 1564/08/2012 for KRZĄKAŁA Katarzyna <kakrzak@poczta.fm>
Invoice No. 1566/08/2012 for SZLĘK Małgorzata <mszlek13@gmail.com>
Invoice No. 1574/08/2012 for PLEŚNIAK Łukasz <theone001@interia.pl>
Invoice No. 1576/08/2012 for LICHOWICZ Jan <pawelus6@gmail.com>
Invoice No. 1578/08/2012 for KRZYSZCZUK Łukasz <lukaszkrzyszczuk@wp.pl>
Invoice No. 1582/08/2012 for GOŁĘBIEWSKI Janusz <studentxxx1973@tlen.pl>
Invoice No. 1583/08/2012 for WDOWIAK Sylwester <sylwester.wdowiak@wp.pl>
Invoice No. 1586/08/2012 for GRZEGORCZYK Joanna <asia_grzegorczyk@tlen.pl>
Invoice No. 1588/08/2012 for MLECZKO Leszek <leszekmleczko@o2.pl>
Invoice No. 1599/08/2012 for PAWŁOWSKA Wanda <wandapawlowska@wp.pl>
Invoice No. 1601/08/2012 for MATRAS Renata <renatamatras@wp.pl>
Invoice No. 1604/08/2012 for FILIP Janina <ewelina_kik@interia.eu>
Invoice No. 1607/08/2012 for ŻMUDA Cezary <czarek@web21.pl>
Invoice No. 1612/08/2012 for ZARYCHTA Luiza <luiza-knurow@wp.pl>
Invoice No. 1615/08/2012 for MACIAK Paulina <paulina.maciak.007@gmail.com>
Invoice No. 1616/08/2012 for KOSZTOWNY Remigiusz <kacza@wporzo.pl>
Invoice No. 1617/08/2012 for WETOSZKA Piotr <wetoszka1@gmail.com>
Invoice No. 1619/08/2012 for HADAM Mateusz <mateuszhadam@o2.pl>
Invoice No. 1621/08/2012 for KABICZKE Marcin <marcinkabiczke@interia.pl>
Invoice No. 1624/08/2012 for KOZIEŁ Grzegorz <g.koziel@wp.pl>
Invoice No. 1626/08/2012 for MATYSIK Roman <r.matysik@mediaslaskie.pl>
Invoice No. 1629/08/2012 for ŻARCZYŃSKI Edward <edi015@wp.pl>
Invoice No. 1630/08/2012 for PULIT Marcin <marcin_pulit@vp.pl>
Invoice No. 1632/08/2012 for SIEROŃ Łukasz <lukasz_sieron@interia.pl>
Invoice No. 1633/08/2012 for SZYMANIAK Danuta <mlody-knurow@o2.pl>
Invoice No. 1634/08/2012 for ŁASAK Bogdan <bogdan3127@gmail.com>
Invoice No. 1635/08/2012 for WINEK Jerzy <j.winek@alfa-system.pl>
Invoice No. 1639/08/2012 for KWIETNIOWSKA Anna <anka.olivia@gmail.com>
Invoice No. 1655/08/2012 for RAJTAR Dariusz <sneak_ta@buziaczek.pl>
Invoice No. 1656/08/2012 for WARDZIŃSKI Bogusław <beabog@alfa-system.pl>
Invoice No. 1657/08/2012 for TRZASKACZ Andrzej <andrzej.trzaskacz@gmail.com>
Invoice No. 1658/08/2012 for BREJ Stanisław <mis8471@wp.pl>
Invoice No. 1668/08/2012 for MAJDZIŃSKA Lidia <majda1231@wp.pl>
Invoice No. 1671/08/2012 for SZATKOWSKA Joanna <daro198528@op.pl>
Invoice No. 1675/08/2012 for SŁABASZEWSKI Piotr <bikero@onet.eu>
Invoice No. 1677/08/2012 for MAJDZIŃSKA Halina <mrshalinka@wp.pl>
Invoice No. 1679/08/2012 for DURAJ Mateusz <mat.duraj@wp.pl>
Invoice No. 1681/08/2012 for FABIAN Marcin <gagis25@op.pl>
Invoice No. 1682/08/2012 for STASIAK Roman <r.stasiak@alfa-system.pl>
Invoice No. 1684/08/2012 for BARCZAK Sylwester <vachol@poczta.fm>
Invoice No. 1693/08/2012 for MOSZKOWICZ Agata <agacia423@onet.pl>
Invoice No. 1695/08/2012 for ZAMOJSKA Maria <Aurix232@gmail.com>
Invoice No. 1700/08/2012 for MAŚLIŃSKI Dawid <dawid_nokia@poczta.onet.pl>
Invoice No. 1701/08/2012 for GÓŹDŹ Artur <artgo@o2.pl>
Invoice No. 1707/08/2012 for JASTO Bogusław <bj@alfa-system.pl>
Invoice No. 1709/08/2012 for STOIŃSKI Mariusz <mariusz.stoinski@messergroup.com>
Invoice No. 1715/08/2012 for LEWANDOWICZ Ryszard <rysiekknurow@interia.pl>
Invoice No. 1716/08/2012 for BANASIAK Mariusz <mario.banasiak@gmail.com>
Invoice No. 1721/08/2012 for GAWRON Jolanta <daniel14wsp@gmail.com>
Invoice No. 1726/08/2012 for WAWER Marek <wawer.tomek@gmail.com>
Invoice No. 1727/08/2012 for WIWI – STYL A. PŁUCIENNIK  <biuro@wiwi-styl.pl>
Invoice No. 1728/08/2012 for SIWIK Barbara <baska-s@gazeta.pl>
Invoice No. 1731/08/2012 for RYCIAK Janusz <jryciak@wp.pl>
Invoice No. 1736/08/2012 for ROŻEK Sebastian <sebol2@poczta.fm>
Invoice No. 1737/08/2012 for KWAPIS Marcin <therion76@o2.pl>
Invoice No. 1739/08/2012 for TELAKOWSKI Marcin <marcinnt1@o2.pl>
Invoice No. 1742/08/2012 for GROCHOLSKI Krzysztof <papaj22@op.pl>
Invoice No. 1746/08/2012 for DZIEŻOK Eugeniusz <krzysztof.dziezok@gmail.com>
Invoice No. 1756/08/2012 for JANOWSKI Wojciech <wojtek067@gazeta.pl>
Invoice No. 1762/08/2012 for SZCZEPAŃSKI Rafał <zagubiona2809@op.pl>
Invoice No. 1766/08/2012 for JANIK Dariusz <tatik3@wp.pl>
Invoice No. 1770/08/2012 for KRÓL Sylwia <siwaikacper@amorki.pl>
Invoice No. 1775/08/2012 for PAŚNICKI Arkadiusz <ecia114@wp.pl>
Invoice No. 1785/08/2012 for MIROCHA Michał <mmiroszka@wp.pl>
Invoice No. 1786/08/2012 for KRUZEL Łukasz <kruzio12@wp.pl>
Invoice No. 1787/08/2012 for WALKOWIAK Piotr <piotr.walkowiak@strong-pc.com>
Invoice No. 1788/08/2012 for PEPLIŃSKI Jakub <pepin@alfa-system.pl>
Invoice No. 1789/08/2012 for GROSEK Grażyna <ggrosek@wp.pl>
Invoice No. 1790/08/2012 for KOPCZYK Robert <r.kopczyk@alfa-system.pl>
Invoice No. 1791/08/2012 for ORŁOWSKI Jerzy <bielikm1@wp.pl>
Invoice No. 1797/08/2012 for MISZTALEWSKI Antoni <gulajski@op.pl>
Invoice No. 1798/08/2012 for "OSTROWSKI" SP. Z O.O.  <ksiegowosc@fbhostrowski.pl>
Invoice No. 1802/08/2012 for MATURA Sławomir <mmatura8@gmail.com>
Invoice No. 1803/08/2012 for ZIEMIŃSKI Mirosław <ankasl85@go2.pl>
Invoice No. 1804/08/2012 for UBF "KALIŃSKI" MARIUSZ KALIŃSKI  <mariusz.kalinski@interia.pl>
Invoice No. 1805/08/2012 for KUBASA Józef <seba.kubasa@gmail.com>
Invoice No. 1808/08/2012 for PRODUKTOWNIA MATEUSZ DUDZIŃSKI  <mateusz@produktownia.com>
Invoice No. 1811/08/2012 for RADLER Łukasz <lukasz.radler@gmail.com>
Invoice No. 1813/08/2012 for BALBIERZ Tomasz <bal77@o2.pl>
Invoice No. 1814/08/2012 for MICHAŁOWSKI Krzysztof <km308@wp.pl>
Invoice No. 1815/08/2012 for PYCH Michał <michal.pych@nexteer.com>
Invoice No. 1817/08/2012 for KONIAKOWSKI Stanisław <s.koniakowski@wp.pl>
Invoice No. 1820/08/2012 for KOPEĆ Mirosław <miroslaw.kopec@nexteer.com>
Invoice No. 1821/08/2012 for RYFIAK Jarosław <jaro7701@o2.pl>
Invoice No. 1822/08/2012 for TEBINKA Bogusław <tebinka@go2.pl>
Invoice No. 1826/08/2012 for KUDŁA Krzysztof <krzkud1@wp.pl>
Invoice No. 1829/08/2012 for STĘPIEŃ Krzysztof <kris87b@gmail.com>
Invoice No. 1836/08/2012 for WIDOMSKA Jolanta <ravana15@wp.pl>
Invoice No. 1838/08/2012 for MANISTA Paweł <pawelm90@o2.pl>
Invoice No. 1839/08/2012 for PAJOR Małgorzata <dudek.mariusz@wp.pl>
Invoice No. 1840/08/2012 for MAR-MEDICA SPRZĘT MEDYCZNY, REHABILITACJA, MASAŻ MARZENA ODROBINA, MARLENA MIERZWA S.C.  <marmedica@op.pl>
Invoice No. 1841/08/2012 for TYLIŃSKI Dawid <tylugm@o2.pl>
Invoice No. 1842/08/2012 for KOZŁOWSKI Tomasz <TomK998@wp.pl>
Invoice No. 1843/08/2012 for DĄBROWSKA Anna <aniadabrowska67@o2.pl>
Invoice No. 1844/08/2012 for SZCZYGIEŁ Krzysztof <kszczygiel@o2.pl>
Invoice No. 1845/08/2012 for MAKSELON Urszula <ulamax@wp.pl>
Invoice No. 1847/08/2012 for GANCZARCZYK Jacek <vijackg@gmail.com>
Invoice No. 1848/08/2012 for MAZIARZ Jacek <jacmaz1988@wp.pl>
Invoice No. 1849/08/2012 for MORDON Joanna <asia.mordon@gmail.com>
Invoice No. 1850/08/2012 for MEHLICH Patryk <pmehlich@op.pl>
Invoice No. 1851/08/2012 for SZCZERBAK Julia <juleczkasz@op.pl>
Invoice No. 1852/08/2012 for LOSZA Artur <misza23@autograf.pl>
Invoice No. 1853/08/2012 for KOMADOWSKI Daniel <tonyjaa204@gmail.com>
Invoice No. 1854/08/2012 for WOŹNIAK Adrianna <adka1990@gmail.com>
Invoice No. 1856/08/2012 for WIERZBICA Adrian <diugi@o2.pl>
Invoice No. 1857/08/2012 for USŁUGI STOMATOLOGICZNE S.C. IZABELA KRACZLA-BIZOŃ, ZBIGNIEW BIZOŃ  <zbizon@o2.pl>
Invoice No. 1858/08/2012 for BRZESKI Tomasz <keldorn88@wp.pl>
Invoice No. 1859/08/2012 for ZYGAŁA Waldemar <wzygala@wp.pl>
Invoice No. 1861/08/2012 for GIERZOK Stefan <wiolettagierzok@op.pl>
Invoice No. 1862/08/2012 for SZNAPKA Joachim <jsznapka@poczta.onet.pl>
Invoice No. 1863/08/2012 for CZENCZEK Grzegorz <gregcg@poczta.onet.pl>
Invoice No. 1864/08/2012 for KRASKA Jarosław <krasek1981@gmail.com>
Invoice No. 1865/08/2012 for ZAWISZEWSKI Adrian <adrian22.02@vp.pl>
Invoice No. 1866/08/2012 for AUTO-SPA SP. Z O.O.  <a.gebski@auto-spa.pl>
Invoice No. 1867/08/2012 for ŻABICKI Grzegorz <grzegorz@polmar-poland.com>
Invoice No. 1868/08/2012 for BINKIEWICZ Janusz <jabirex@wp.pl>
Invoice No. 1869/08/2012 for ANOWI BIZNES IWONA OKSZTUL  <iwona@anowi.com.pl>
Invoice No. 1870/08/2012 for KOS Paweł <dominikak2@wp.pl>
Invoice No. 1872/08/2012 for KASIŃSKA Beata i Ireneusz <beatakasinska@op.pl>
Invoice No. 1873/08/2012 for ZYDROŃ Jerzy <anistoteles@gmail.com>
Invoice No. 1874/08/2012 for KMINIKOWSKI Dariusz <darekkm@o2.pl>
Invoice No. 1875/08/2012 for WILK Dawid <dawidwilk21@gmail.com>
Invoice No. 1876/08/2012 for CIESIELSKI Zbigniew <zbyszekciesielski@onet.eu>
Invoice No. 1877/08/2012 for KOS Marzena <mariettakos@interia.pl>
Invoice No. 1878/08/2012 for BĄCZKIEWICZ Krzysztof <bakol9krz@onet.eu>
Invoice No. 1879/08/2012 for KOSIARSKA Anna <a.kosiarska@gmail.com>
Invoice No. 1880/08/2012 for GÓRECKI Krzysztof <dudek66@onet.eu>
Invoice No. 1881/08/2012 for KANIOWSKA Wioletta <wiolettakanio@o2.pl>
Invoice No. 1882/08/2012 for CHARA Anna <ania9860@op.pl>
Invoice No. 1883/08/2012 for SOL-TB BEATA WŁODARCZYK  <babyland_knurow@op.pl>
Invoice No. 1884/08/2012 for CEBULA Artur <artceb2@tlen.pl>
Invoice No. 1885/08/2012 for MANIAK Piotr <pm.wp@wp.pl>
Invoice No. 1886/08/2012 for CZERWIEC Adrian <devillonix@gmail.com>
Invoice No. 1888/08/2012 for SZYMAŃSKI Marcin <marcin.szymanskiii@wp.pl>
Invoice No. 1889/08/2012 for GOLDBERG Rafał <angrim@wp.pl>
Invoice No. 1890/08/2012 for ZYCH Piotr <p.zych@alfa-system.pl>
Invoice No. 1891/08/2012 for RUDZKA Monika <monika.ni@wp.pl>
Invoice No. 1893/08/2012 for PCHEŁKA Dominik <aniusia80@op.pl>
Invoice No. 1896/08/2012 for KRYŚ Andrzej <andrzej.k8@vp.pl>
Invoice No. 1898/08/2012 for MAZUR Paweł <mazmo_pl@o2.pl>
Invoice No. 1899/08/2012 for RDUCH Łukasz <lukrdu@gmail.com>
Invoice No. 1902/08/2012 for PIETRZAK Dariusz <humberthumbert@wp.pl>
Invoice No. 1903/08/2012 for ZDUŃCZUK Krzysztof <joannazdunczuk@o2.pl>
Invoice No. 1905/08/2012 for OCIEPKA Paweł <ciepek666@o2.pl>
Invoice No. 1907/08/2012 for RZODKIEWICZ Justyna <tinka51@op.pl>
Invoice No. 1908/08/2012 for KRZYSIAK Adam <adam_230@interia.pl>
Invoice No. 1911/08/2012 for KŁYK Grzegorz <annaklyk@op.pl>
Invoice No. 1912/08/2012 for WRÓBEL Jacek <aslahad@gmail.com>
Invoice No. 1914/08/2012 for GRABOWSKI Krzysztof <k.s.grabowski@gmail.com>
Invoice No. 1915/08/2012 for WŁODARCZYK Karolina <karolina_889@wp.pl>
Invoice No. 1916/08/2012 for CIEŚLIK Bogdan <ozyrys68@o2.pl>
Invoice No. 1917/08/2012 for GRABOWSKI Adam <adam@alfa-system.pl>
Invoice No. 1920/08/2012 for LEŚNIAK Dorota <dorotalesniak@vp.pl>
Invoice No. 1923/08/2012 for SZYMKUN Monika <mnow84@yahoo.pl>
Invoice No. 1924/08/2012 for GOLIŃSKI Damian <goli215@gmail.com>
Invoice No. 1925/08/2012 for WARZYŃSKI Zbigniew <zbywar@poczta.fm>
Invoice No. 1927/08/2012 for CYPRUCH Grzegorz <grzegorz.cypruch@gmail.com>
Invoice No. 1932/08/2012 for GRZONKA Sabina <sabcia19840@op.pl>
Invoice No. 1934/08/2012 for MORDAL Łukasz <bazyleusz@interia.pl>
Invoice No. 1937/08/2012 for JANECKA Aneta <jana1977@interia.eu>
Invoice No. 1939/08/2012 for DZIEDZIC Przemysław <yeremo@o2.pl>
Invoice No. 1940/08/2012 for NIEPUBLICZNA PLACÓWKA OŚWIATOWO-WYCHOWAWCZA STUDIO TAŃCA ISKRA  <iskrabiuro@op.pl>
Invoice No. 1941/08/2012 for KUSY Piotr <piotrslask@poczta.onet.eu>
Invoice No. 1943/08/2012 for TADEUSZ KOZAK  <stoiczek@gmail.com>
Invoice No. 1944/08/2012 for GALERIA I PRACOWNIA ARTYSTYCZNA ORSO  <grzegorz.panasewicz@wp.pl>
Invoice No. 1946/08/2012 for BIELECKI Andrzej <premier703@wp.pl>
Invoice No. 1949/08/2012 for FIRMA HANDLOWO-USŁUGOWA "BOSS" TOMASZ MIESZCZAK  <mebleboss@wp.pl>
Invoice No. 1950/08/2012 for URBAŃSKA Małgorzata <salvi@onet.pl>
Invoice No. 1953/08/2012 for E-CALL POLSKA SP. Z O.O.  <krzysztof.stepien@e-call.pl>
Invoice No. 1954/08/2012 for KRAWCZYK Michał <michal@nslask.pl>
Invoice No. 1956/08/2012 for SIENKIEWICZ Paweł <pawel21s@o2.pl>
Invoice No. 1958/08/2012 for CICHOŃ Sylwia <sylwiacichon@interia.eu>
Invoice No. 1960/08/2012 for GŁOGOWSKA Pelagia <glogowska1@interia.pl>
Invoice No. 1968/08/2012 for OGONOWSKI Arkadiusz <arxadius@vp.pl>
Invoice No. 1969/08/2012 for DZIĘCIOŁ Zbigniew <ZeD_o2@o2.pl>
Invoice No. 1972/08/2012 for SCHARMACH Lucyna <lucyna198501@wp.pl>
Invoice No. 1974/08/2012 for RATAJSKA Adriana <mmaalliinnqqaa90@tlen.pl>
Invoice No. 1975/08/2012 for DOPIERAŁA Mirosława <dopierala.karol@gmail.com>
Invoice No. 1976/08/2012 for GÓRAK Zofia <zofia.gorak@onet.pl>
Invoice No. 1979/08/2012 for HAMPEL Natalia <natalia_wasinska1@wp.pl>
Invoice No. 1982/08/2012 for PRZEDSIĘBIORSTWO DEKER-BUD Waldemar Kląskała <deker_bud@interia.pl>
Invoice No. 1983/08/2012 for KARWOT Marek <bemak@onet.pl>
Invoice No. 1984/08/2012 for GAWRYSIAK Piotr <piotr.gawrysiak@onet.pl>
Invoice No. 1985/08/2012 for BOJARCZUK Daniel <daniel.bojarczuk@poczta.fm>
Invoice No. 1987/08/2012 for BORCUCH Jacek <jacek@borcuch.pl>
Invoice No. 1991/08/2012 for WALCZYŃSKI Ryszard <ryszardwalczynski@interia.pl>
Invoice No. 1993/08/2012 for BAZELUK Katarzyna <kasia120676@gmail.com>
Invoice No. 1995/08/2012 for RAŚ Paweł <pawel.8412@wp.pl>
Invoice No. 1997/08/2012 for FOGIEL-WIOSKA Aleksandra <aleksandra.fw@gmail.com>
Invoice No. 1998/08/2012 for NELKE Krzysztof <nekoland@wp.pl>
Invoice No. 2003/08/2012 for JELENIEWICZ Katarzyna <batulu7@o2.pl>
Invoice No. 2004/08/2012 for KOMUDA Jacek <komuda.jacek@gmail.com>
Invoice No. 2005/08/2012 for GAJDA Michał <gajda.michal@gmail.com>
Invoice No. 2006/08/2012 for WOJCIECHOWSKI Andrzej <andrew870@o2.pl>
Invoice No. 2007/08/2012 for ADAM WIERZAŃSKI  <wierzan@wp.pl>
Invoice No. 2011/08/2012 for GAWRYCH Elżbieta <elagaw53@wp.pl>
Invoice No. 2012/08/2012 for MUSIOL Katarzyna <sasza1974@tlen.pl>
Invoice No. 2014/08/2012 for ŁYKO Krzysztof <skorpion58@op.pl>
Invoice No. 2020/08/2012 for RYBA Piotr <piotr82ryba@gmail.com>
Invoice No. 2022/08/2012 for POREMBSKA Barbara <archidea@onet.eu>
Invoice No. 2023/08/2012 for POLOK Piotr <estera@polok.pl>
Invoice No. 2024/08/2012 for MIKUCKA Anna <mikuckaania@gmail.com>
Invoice No. 2025/08/2012 for DAMIAN SKURA INŻYNIERIA BUDOWLANA I ARCHITEKTURA  <inz.damian.skura@gmail.com>
Invoice No. 2026/08/2012 for PRZYBYŁA Honorata <pocopaszczakowikluska@wp.pl>
Invoice No. 2029/08/2012 for TKOCZ Jacek <jacek4791@gazeta.pl>
Invoice No. 2030/08/2012 for KARAŚ Robert <robkar@robkar.pl>
Invoice No. 2032/08/2012 for WOJNOWSKA Joanna <joannaw-1984@o2.pl>
Invoice No. 2037/08/2012 for MAĆKOWSKI Józef <grubenzpl@gmail.com>
Invoice No. 2038/08/2012 for JANAŚ Arkadiusz <aro.j79@interia.pl>
Invoice No. 2040/08/2012 for SKOWRON Mateusz <mateusz_skowron@interia.pl>
Invoice No. 2042/08/2012 for JURECZKO Tomasz <tomaszj@junisoftex.pl>
Invoice No. 2044/08/2012 for KOŚĆ Edward <ilona04@wp.pl>
Invoice No. 2047/08/2012 for GILNER Elżbieta <eraku@wp.pl>
Invoice No. 2048/08/2012 for SZAFRANIEC Katarzyna <rss20@o2.pl>
Invoice No. 2051/08/2012 for CABAŁA Elwira <elli666@o2.pl>
Invoice No. 2053/08/2012 for SZTECHMILER Grzegorz <ewa.sztechmiler@gmail.com>
Invoice No. 2057/08/2012 for BEJNAROWICZ Jan <radekbejnarowicz@gmail.com>
Invoice No. 2058/08/2012 for ŁYKO Katarzyna <katarzyna.lyko@onet.eu>
Invoice No. 2061/08/2012 for KOTOWICZ Ireneusz <seth144@o2.pl>
Invoice No. 2062/08/2012 for MECH Agata <atata18@onet.pl>
Invoice No. 2063/08/2012 for WANAT Agata <agawanat@tlen.pl>
Invoice No. 2064/08/2012 for ŚWIĘTEK Adrian <adrian.swietek@op.pl>
Invoice No. 2066/08/2012 for LESZCZYŃSKI Łukasz <lukasleszczynski@gmail.com>
Invoice No. 2068/08/2012 for URBANIAK Adam <s8587@pjwstk.edu.pl>
Invoice No. 2070/08/2012 for UMŁAWSKI Patryk <abcd242@op.pl>
Invoice No. 2072/08/2012 for MANISTA Adam <adamk1988@o2.pl>
Invoice No. 2073/08/2012 for MISIEJUK Antoli <anatoli@op.pl>
Invoice No. 2075/08/2012 for RODZINNE CENTRUM REKREACJI, SPORTÓW I SZTUK WALKI "WEFYA"  <aikido-yoshinkan@wp.pl>
Invoice No. 2079/08/2012 for KUJAWA Sebastian <kujawa.sebastian@gmail.com>
Invoice No. 2083/08/2012 for LESISZ Halina <nadia.curkan@wp.pl>
Invoice No. 2084/08/2012 for SEWERYN Łukasz <gela98@onet.pl>
Invoice No. 2085/08/2012 for WOSZCZAK Joanna <joanna.woszczak@wp.pl>
Invoice No. 2086/08/2012 for HAJDUK Jacek <mariolaagnieszka@interia.pl>
Invoice No. 2087/08/2012 for GÓRAK Tomasz <tomekg0@poczta.onet.pl>
Invoice No. 2088/08/2012 for GRABOWSKI Damian <damian.grabowski@us.edu.pl>
Invoice No. 2091/08/2012 for SMENTEK Zbigniew <sidsido@wp.pl>
Invoice No. 2093/08/2012 for KINECKI Lechosław <leeeooon@interia.pl>
Invoice No. 2094/08/2012 for DZIEDZIC Agnieszka <agnieszka.dziedzic@przyczepy-wiola.eu>
Invoice No. 2095/08/2012 for MADEJA Zdzisław <zdzislaw.madeja@gmail.com>
Invoice No. 2097/08/2012 for BILIŃSKA Barbara <bilinska80@tlen.pl>
Invoice No. 2101/08/2012 for SŁOWIŃSKA Sylwia <slowinskasylwia@wp.pl>
Invoice No. 2102/08/2012 for DZIERNIEJKO Małgorzata <alcia1926@tlen.pl>
Invoice No. 2103/08/2012 for STELMACH Anna <anna_rutkowska89@wp.pl>
Invoice No. 2104/08/2012 for PORĘBSKI Marcin <mporebski@onet.pl>
Invoice No. 2105/08/2012 for TKACZUK Krzysztof <keczu1978@wp.pl>
Invoice No. 2106/08/2012 for PEŁKA Michał <pelkas@o2.pl>
Invoice No. 2107/08/2012 for BANASZEK Grzegorz <nataliastrojek@gmail.com>
Invoice No. 2108/08/2012 for WIŚNIOWSKI Dawid <wisnia3373@interia.pl>
Invoice No. 2110/08/2012 for LIPNICKA Roksana <roksana.lipnicka@o2.pl>
Invoice No. 2114/08/2012 for ŻAKOWSKI Marcin <marpaw77@tlen.pl>
Invoice No. 2115/08/2012 for KAWCZAK Piotr <pietrio@wp.pl>
Invoice No. 2119/08/2012 for PHU OBSESSION KRZYSZTOF DUSZA  <biuro@jestesmodna.pl>
Invoice No. 2120/08/2012 for PINOCY Dawid <pinocy.d@gmail.com>
Invoice No. 2121/08/2012 for TKOCZ Arkadiusz <zimol1686@wp.pl>
Invoice No. 2122/08/2012 for DĄBEK Sebastian <sebastiand85@o2.pl>
Invoice No. 2123/08/2012 for WACHOWSKI Marcin <mwachowski-85@o2.pl>
Invoice No. 2128/08/2012 for GUBAŁA Paweł <pgubala@poczta.fm>
Invoice No. 2129/08/2012 for PLUTA Danuta <danutapluta@wp.pl>
Invoice No. 2130/08/2012 for NIŹNIKIEWICZ Grzegorz <gen@sownet.pl>
Invoice No. 2134/08/2012 for MIKOŁAJCZAK Józef <mikolajczak04@poczta.onet.pl>
Invoice No. 2135/08/2012 for BOCZ Rafał <rafalbocz@o2.pl>
Invoice No. 2137/08/2012 for ŁUKASIK Marek <pikxel@wp.pl>
Invoice No. 2139/08/2012 for NOWAK Mirosław <m.nowak@alfa-system.pl>
Invoice No. 2143/08/2012 for BŁASZCZYK Szymon <timonek0@poczta.onet.pl>
Invoice No. 2144/08/2012 for JAKUBASZEK Piotr <piotr69@op.pl>
Invoice No. 2145/08/2012 for ŚLIWIŃSKI Kazimierz <kaz470@op.pl>
Invoice No. 2147/08/2012 for DZIUBLIŃSKI Robert <robert.72@onet.eu>
Invoice No. 2148/08/2012 for CHLUBEK Krzysztof <chlubek@op.pl>
Invoice No. 2149/08/2012 for GALASIK Mariola <margolcia47@op.pl>
Invoice No. 2150/08/2012 for BUCHTA Witold <vvitold@gmail.com>
Invoice No. 2151/08/2012 for KAWIAK Michał <m.kawiak@op.pl>
Invoice No. 2152/08/2012 for BIAŁY Anna <anbi171@gmail.com>
Invoice No. 2153/08/2012 for GIBAS Sławomir <gibek21@gmail.com>
Invoice No. 2154/08/2012 for KAPLIŃSKI Bartosz <bartekka1985@o2.pl>
Invoice No. 2156/08/2012 for DAŃCZURA Łukasz <lukaszdanczurald@gmail.com>
Invoice No. 2157/08/2012 for WOJNOWSKI Artur <artek443@wp.pl>
Invoice No. 2162/08/2012 for WAWRZYNEK Sebastan <wawrzyn3721@gmail.com>
Invoice No. 2168/08/2012 for SKANSKA S.A.  <Marzena.Jaroszewska@skanska.pl>
Invoice No. 2169/08/2012 for HAPEN Aleksander <sklep0@poczta.onet.pl>
Invoice No. 2172/08/2012 for NOWAK Tomasz <muzzy88@interia.pl>
Invoice No. 2173/08/2012 for CIEPIŃSKI Janusz <janusz66@op.pl>
Invoice No. 2174/08/2012 for GENDARZ Teresa <gieniolek@gmail.com>
Invoice No. 2178/08/2012 for STAWINOGA Bronisław <staviego@gmail.com>
Invoice No. 2179/08/2012 for ZAMOJSKI Michał <michal.zamojski@gmail.com>
Invoice No. 2180/08/2012 for SZENDERA Mariusz <mariusz.szendera@gmail.com>
Invoice No. 2183/08/2012 for OPUSKI Piotr <piotr_51@o2.pl>
Invoice No. 2186/08/2012 for OLEWSKI Janusz <dekorator11@gmail.com>
Invoice No. 2187/08/2012 for GAIK Jan <gajan3@vp.pl>
Invoice No. 2189/08/2012 for SZEREMETA Ewa <ewaszeremeta10@gmail.com>
Invoice No. 2190/08/2012 for NIEWIADOMSKI Wojciech <wojtek.n70@o2.pl>
Invoice No. 2194/08/2012 for SOLAK Rafał <saliiw1941s@poczta.fm>
Invoice No. 2195/08/2012 for WOŹNIAK Sebastian <sebastian.wozniak@me.com>
Invoice No. 2196/08/2012 for KUCA Adam <adamkuca@onet.eu>
Invoice No. 2197/08/2012 for SOLAK Artur <artur_solak@interia.pl>
Invoice No. 2198/08/2012 for GRZYBOWSKI Dariusz <d_grzybowski@o2.pl>
Invoice No. 2199/08/2012 for BARLASZ Piotr <barabasz1@poczta.onet.pl>
Invoice No. 2200/08/2012 for LENŻA Rafał <lenza@interia.eu>
Invoice No. 2201/08/2012 for BEM Grzegorz <boxer74@wp.pl>
Invoice No. 2202/08/2012 for POLAK Przemysław <przemyslaw.polak@interia.eu>
Invoice No. 2203/08/2012 for ORZOŁ Karina <karina165@op.pl>
Invoice No. 2206/08/2012 for GIBAS Paweł <p.gibas@op.pl>
Invoice No. 2207/08/2012 for KAMPE Natalia <natalia.kampe@vp.pl>
Invoice No. 2209/08/2012 for OLEŚ Rafał <maskotka2210@interia.pl>
Invoice No. 2210/08/2012 for KRÓL Jarosław <keraj@poczta.onet.pl>
Invoice No. 2212/08/2012 for ITECOM SP. Z O.O.  <biurowy@itecom.pl>
Invoice No. 2215/08/2012 for GRALA Marek <marekgrala1@interia.pl>
Invoice No. 2216/08/2012 for VICA SP. Z O.O.  <vica@vica.pl>
Invoice No. 2217/08/2012 for KUCHNIO Kamil <kamil8720@poczta.fm>
Invoice No. 2219/08/2012 for JANKOWSKI Mateusz <jankowskimateusz90@gmail.com>
Invoice No. 2223/08/2012 for MEHLICH Damian <dmehlich@poczta.onet.pl>
Invoice No. 2225/08/2012 for SEROCKI Bartosz <bartox88@wp.pl>
Invoice No. 2226/08/2012 for SEROCKI Bartosz <bartox88@wp.pl>
Invoice No. 2227/08/2012 for ŻEBROWSKI Dariusz <zespol.marzenie@gmail.com>
